Arguments: 
  C:\Program Files\nodejs\node.exe C:\Users\trion\AppData\Roaming\npm\node_modules\yarn\bin\yarn.js add cors

PATH: 
  C:\ProgramData\Oracle\Java\javapath;C:\Windows\system32;C:\Windows;C:\Windows\System32\Wbem;C:\Windows\System32\WindowsPowerShell\v1.0\;C:\Windows\System32\OpenSSH\;C:\Program Files (x86)\NVIDIA Corporation\PhysX\Common;C:\Program Files\NVIDIA Corporation\NVIDIA NvDLISR;C:\Program Files\nodejs\;C:\Program Files\Git\cmd;C:\Users\trion\AppData\Local\Microsoft\WindowsApps;C:\Users\trion\AppData\Local\Programs\Microsoft VS Code\bin;C:\Users\trion\AppData\Roaming\npm;C:\Users\trion\AppData\Local\GitHubDesktop\bin

Yarn version: 
  1.22.19

Node version: 
  16.16.0

Platform: 
  win32 x64

Trace: 
  Error: EPERM: operation not permitted, unlink 'C:\Users\trion\Desktop\Портфолио\8. Game-match (REACT)\game-backend\node_modules\bcrypt\lib\binding\napi-v3\bcrypt_lib.node'

npm manifest: 
  {
    "name": "game-backend",
    "version": "1.0.0",
    "description": "",
    "main": "index.js",
    "type": "module",
    "husky": {
      "hooks": {
        "pre-commit": "npm run lint",
        "pre-push": "npm run lint && npm run build"
      }
    },
    "scripts": {
      "dev": "npx nodemon",
      "start": "npm run build && node build/main",
      "build": "rimraf ./build && npx tsc",
      "lint": "npx eslint ./src",
      "format": "npx eslint ./src --fix"
    },
    "keywords": [],
    "author": "",
    "license": "ISC",
    "devDependencies": {
      "@types/bcrypt": "^5.0.0",
      "@types/express": "^4.17.17",
      "@types/express-ws": "^3.0.1",
      "@types/jsonwebtoken": "^9.0.1",
      "@types/node": "^18.14.6",
      "@typescript-eslint/eslint-plugin": "^5.54.1",
      "@typescript-eslint/parser": "^5.54.1",
      "eslint": "^8.35.0",
      "husky": "^8.0.3",
      "nodemon": "^2.0.21",
      "prettier": "^2.8.4",
      "rimraf": "^4.4.0",
      "ts-node": "^10.9.1",
      "typescript": "^4.9.5"
    },
    "dependencies": {
      "bcrypt": "^5.1.0",
      "dotenv": "^16.0.3",
      "express": "^4.18.2",
      "express-ws": "^5.0.2",
      "jsonwebtoken": "^9.0.0",
      "mongoose": "^7.0.1"
    }
  }

yarn manifest: 
  No manifest

Lockfile: 
  No lockfile
